HTTP Verb: GET=== URL: /=== Status: 304 
Req _ Res:- -Res Time: 142.903 ms 
HTTP Verb: GET=== URL: /stylesheets/style.css=== Status: 304 
Req _ Res:- -Res Time: 1.459 ms 
HTTP Verb: GET=== URL: /=== Status: 304 
Req _ Res:- -Res Time: 144.395 ms 
HTTP Verb: GET=== URL: /stylesheets/style.css=== Status: 304 
Req _ Res:- -Res Time: 1.787 ms 
HTTP Verb: GET=== URL: /=== Status: 200 
Req _ Res:- 203Res Time: 149.953 ms 
HTTP Verb: GET=== URL: /stylesheets/style.css=== Status: 200 
Req _ Res:- 111Res Time: 2.226 ms 
HTTP Verb: GET=== URL: /favicon.ico=== Status: 404 
Req _ Res:- 1158Res Time: 8.733 ms 
HTTP Verb: GET=== URL: /=== Status: 304 
Req _ Res:- -Res Time: 235.658 ms 
HTTP Verb: GET=== URL: /stylesheets/style.css=== Status: 304 
Req _ Res:- -Res Time: 1.411 ms 
HTTP Verb: GET=== URL: /=== Status: 200 
Req _ Res:- 203Res Time: 143.761 ms 
HTTP Verb: GET=== URL: /stylesheets/style.css=== Status: 304 
Req _ Res:- -Res Time: 1.474 ms 
